2025-12-10 08:12:03,822 - __main__ - INFO - --- STARTING ETL PIPELINE ---
2025-12-10 08:12:03,825 - __main__ - INFO - Fetching Snowflake secrets from SSM...
2025-12-10 08:12:15,496 - __main__ - ERROR - SSM Load Failed
Traceback (most recent call last):
  File "C:\Users\tship\solara_etl\solara-etl\venv\Lib\site-packages\urllib3\connection.py", line 198, in _new_conn
    sock = connection.create_connection(
        (self._dns_host, self.port),
    ...<2 lines>...
        socket_options=self.socket_options,
    )
  File "C:\Users\tship\solara_etl\solara-etl\venv\Lib\site-packages\urllib3\util\connection.py", line 60, in create_connection
    for res in socket.getaddrinfo(host, port, family, socket.SOCK_STREAM):
               ~~~~~~~~~~~~~~~~~~^^^^^^^^^^^^^^^^^^^^^^^^^^^^^^^^^^^^^^^^
  File "C:\Python313\Lib\socket.py", line 977, in getaddrinfo
    for res in _socket.getaddrinfo(host, port, family, type, proto, flags):
               ~~~~~~~~~~~~~~~~~~~^^^^^^^^^^^^^^^^^^^^^^^^^^^^^^^^^^^^^^^^
socket.gaierror: [Errno 11001] getaddrinfo failed

The above exception was the direct cause of the following exception:

Traceback (most recent call last):
  File "C:\Users\tship\solara_etl\solara-etl\venv\Lib\site-packages\botocore\httpsession.py", line 465, in send
    urllib_response = conn.urlopen(
        method=request.method,
    ...<7 lines>...
        chunked=self._chunked(request.headers),
    )
  File "C:\Users\tship\solara_etl\solara-etl\venv\Lib\site-packages\urllib3\connectionpool.py", line 841, in urlopen
    retries = retries.increment(
        method, url, error=new_e, _pool=self, _stacktrace=sys.exc_info()[2]
    )
  File "C:\Users\tship\solara_etl\solara-etl\venv\Lib\site-packages\urllib3\util\retry.py", line 449, in increment
    raise reraise(type(error), error, _stacktrace)
          ~~~~~~~^^^^^^^^^^^^^^^^^^^^^^^^^^^^^^^^^
  File "C:\Users\tship\solara_etl\solara-etl\venv\Lib\site-packages\urllib3\util\util.py", line 39, in reraise
    raise value
  File "C:\Users\tship\solara_etl\solara-etl\venv\Lib\site-packages\urllib3\connectionpool.py", line 787, in urlopen
    response = self._make_request(
        conn,
    ...<10 lines>...
        **response_kw,
    )
  File "C:\Users\tship\solara_etl\solara-etl\venv\Lib\site-packages\urllib3\connectionpool.py", line 488, in _make_request
    raise new_e
  File "C:\Users\tship\solara_etl\solara-etl\venv\Lib\site-packages\urllib3\connectionpool.py", line 464, in _make_request
    self._validate_conn(conn)
    ~~~~~~~~~~~~~~~~~~~^^^^^^
  File "C:\Users\tship\solara_etl\solara-etl\venv\Lib\site-packages\urllib3\connectionpool.py", line 1093, in _validate_conn
    conn.connect()
    ~~~~~~~~~~~~^^
  File "C:\Users\tship\solara_etl\solara-etl\venv\Lib\site-packages\urllib3\connection.py", line 753, in connect
    self.sock = sock = self._new_conn()
                       ~~~~~~~~~~~~~~^^
  File "C:\Users\tship\solara_etl\solara-etl\venv\Lib\site-packages\urllib3\connection.py", line 205, in _new_conn
    raise NameResolutionError(self.host, self, e) from e
urllib3.exceptions.NameResolutionError: <botocore.awsrequest.AWSHTTPSConnection object at 0x000002396F58C050>: Failed to resolve 'ssm.us-east-1.amazonaws.com' ([Errno 11001] getaddrinfo failed)

During handling of the above exception, another exception occurred:

Traceback (most recent call last):
  File "C:\Users\tship\solara_etl\solara-etl\main_2.py", line 67, in get_snowflake_config_from_ssm
    key_pem = ssm_us.get_parameter(Name="/snowflake/connection_private_key", WithDecryption=True)["Parameter"]["Value"]
              ~~~~~~~~~~~~~~~~~~~~^^^^^^^^^^^^^^^^^^^^^^^^^^^^^^^^^^^^^^^^^^^^^^^^^^^^^^^^^^^^^^^
  File "C:\Users\tship\solara_etl\solara-etl\venv\Lib\site-packages\botocore\client.py", line 602, in _api_call
    return self._make_api_call(operation_name, kwargs)
           ~~~~~~~~~~~~~~~~~~~^^^^^^^^^^^^^^^^^^^^^^^^
  File "C:\Users\tship\solara_etl\solara-etl\venv\Lib\site-packages\botocore\context.py", line 123, in wrapper
    return func(*args, **kwargs)
  File "C:\Users\tship\solara_etl\solara-etl\venv\Lib\site-packages\botocore\client.py", line 1060, in _make_api_call
    http, parsed_response = self._make_request(
                            ~~~~~~~~~~~~~~~~~~^
        operation_model, request_dict, request_context
        ^^^^^^^^^^^^^^^^^^^^^^^^^^^^^^^^^^^^^^^^^^^^^^
    )
    ^
  File "C:\Users\tship\solara_etl\solara-etl\venv\Lib\site-packages\botocore\client.py", line 1084, in _make_request
    return self._endpoint.make_request(operation_model, request_dict)
           ~~~~~~~~~~~~~~~~~~~~~~~~~~~^^^^^^^^^^^^^^^^^^^^^^^^^^^^^^^
  File "C:\Users\tship\solara_etl\solara-etl\venv\Lib\site-packages\botocore\endpoint.py", line 119, in make_request
    return self._send_request(request_dict, operation_model)
           ~~~~~~~~~~~~~~~~~~^^^^^^^^^^^^^^^^^^^^^^^^^^^^^^^
  File "C:\Users\tship\solara_etl\solara-etl\venv\Lib\site-packages\botocore\endpoint.py", line 200, in _send_request
    while self._needs_retry(
          ~~~~~~~~~~~~~~~~~^
        attempts,
        ^^^^^^^^^
    ...<3 lines>...
        exception,
        ^^^^^^^^^^
    ):
    ^
  File "C:\Users\tship\solara_etl\solara-etl\venv\Lib\site-packages\botocore\endpoint.py", line 360, in _needs_retry
    responses = self._event_emitter.emit(
        event_name,
    ...<5 lines>...
        request_dict=request_dict,
    )
  File "C:\Users\tship\solara_etl\solara-etl\venv\Lib\site-packages\botocore\hooks.py", line 412, in emit
    return self._emitter.emit(aliased_event_name, **kwargs)
           ~~~~~~~~~~~~~~~~~~^^^^^^^^^^^^^^^^^^^^^^^^^^^^^^
  File "C:\Users\tship\solara_etl\solara-etl\venv\Lib\site-packages\botocore\hooks.py", line 256, in emit
    return self._emit(event_name, kwargs)
           ~~~~~~~~~~^^^^^^^^^^^^^^^^^^^^
  File "C:\Users\tship\solara_etl\solara-etl\venv\Lib\site-packages\botocore\hooks.py", line 239, in _emit
    response = handler(**kwargs)
  File "C:\Users\tship\solara_etl\solara-etl\venv\Lib\site-packages\botocore\retryhandler.py", line 207, in __call__
    if self._checker(**checker_kwargs):
       ~~~~~~~~~~~~~^^^^^^^^^^^^^^^^^^
  File "C:\Users\tship\solara_etl\solara-etl\venv\Lib\site-packages\botocore\retryhandler.py", line 284, in __call__
    should_retry = self._should_retry(
        attempt_number, response, caught_exception
    )
  File "C:\Users\tship\solara_etl\solara-etl\venv\Lib\site-packages\botocore\retryhandler.py", line 320, in _should_retry
    return self._checker(attempt_number, response, caught_exception)
           ~~~~~~~~~~~~~^^^^^^^^^^^^^^^^^^^^^^^^^^^^^^^^^^^^^^^^^^^^
  File "C:\Users\tship\solara_etl\solara-etl\venv\Lib\site-packages\botocore\retryhandler.py", line 363, in __call__
    checker_response = checker(
        attempt_number, response, caught_exception
    )
  File "C:\Users\tship\solara_etl\solara-etl\venv\Lib\site-packages\botocore\retryhandler.py", line 247, in __call__
    return self._check_caught_exception(
           ~~~~~~~~~~~~~~~~~~~~~~~~~~~~^
        attempt_number, caught_exception
        ^^^^^^^^^^^^^^^^^^^^^^^^^^^^^^^^
    )
    ^
  File "C:\Users\tship\solara_etl\solara-etl\venv\Lib\site-packages\botocore\retryhandler.py", line 416, in _check_caught_exception
    raise caught_exception
  File "C:\Users\tship\solara_etl\solara-etl\venv\Lib\site-packages\botocore\endpoint.py", line 279, in _do_get_response
    http_response = self._send(request)
  File "C:\Users\tship\solara_etl\solara-etl\venv\Lib\site-packages\botocore\endpoint.py", line 383, in _send
    return self.http_session.send(request)
           ~~~~~~~~~~~~~~~~~~~~~~^^^^^^^^^
  File "C:\Users\tship\solara_etl\solara-etl\venv\Lib\site-packages\botocore\httpsession.py", line 494, in send
    raise EndpointConnectionError(endpoint_url=request.url, error=e)
botocore.exceptions.EndpointConnectionError: Could not connect to the endpoint URL: "https://ssm.us-east-1.amazonaws.com/"
2025-12-10 08:12:15,536 - __main__ - CRITICAL - Pipeline Crashed!
Traceback (most recent call last):
  File "C:\Users\tship\solara_etl\solara-etl\venv\Lib\site-packages\urllib3\connection.py", line 198, in _new_conn
    sock = connection.create_connection(
        (self._dns_host, self.port),
    ...<2 lines>...
        socket_options=self.socket_options,
    )
  File "C:\Users\tship\solara_etl\solara-etl\venv\Lib\site-packages\urllib3\util\connection.py", line 60, in create_connection
    for res in socket.getaddrinfo(host, port, family, socket.SOCK_STREAM):
               ~~~~~~~~~~~~~~~~~~^^^^^^^^^^^^^^^^^^^^^^^^^^^^^^^^^^^^^^^^
  File "C:\Python313\Lib\socket.py", line 977, in getaddrinfo
    for res in _socket.getaddrinfo(host, port, family, type, proto, flags):
               ~~~~~~~~~~~~~~~~~~~^^^^^^^^^^^^^^^^^^^^^^^^^^^^^^^^^^^^^^^^
socket.gaierror: [Errno 11001] getaddrinfo failed

The above exception was the direct cause of the following exception:

Traceback (most recent call last):
  File "C:\Users\tship\solara_etl\solara-etl\venv\Lib\site-packages\botocore\httpsession.py", line 465, in send
    urllib_response = conn.urlopen(
        method=request.method,
    ...<7 lines>...
        chunked=self._chunked(request.headers),
    )
  File "C:\Users\tship\solara_etl\solara-etl\venv\Lib\site-packages\urllib3\connectionpool.py", line 841, in urlopen
    retries = retries.increment(
        method, url, error=new_e, _pool=self, _stacktrace=sys.exc_info()[2]
    )
  File "C:\Users\tship\solara_etl\solara-etl\venv\Lib\site-packages\urllib3\util\retry.py", line 449, in increment
    raise reraise(type(error), error, _stacktrace)
          ~~~~~~~^^^^^^^^^^^^^^^^^^^^^^^^^^^^^^^^^
  File "C:\Users\tship\solara_etl\solara-etl\venv\Lib\site-packages\urllib3\util\util.py", line 39, in reraise
    raise value
  File "C:\Users\tship\solara_etl\solara-etl\venv\Lib\site-packages\urllib3\connectionpool.py", line 787, in urlopen
    response = self._make_request(
        conn,
    ...<10 lines>...
        **response_kw,
    )
  File "C:\Users\tship\solara_etl\solara-etl\venv\Lib\site-packages\urllib3\connectionpool.py", line 488, in _make_request
    raise new_e
  File "C:\Users\tship\solara_etl\solara-etl\venv\Lib\site-packages\urllib3\connectionpool.py", line 464, in _make_request
    self._validate_conn(conn)
    ~~~~~~~~~~~~~~~~~~~^^^^^^
  File "C:\Users\tship\solara_etl\solara-etl\venv\Lib\site-packages\urllib3\connectionpool.py", line 1093, in _validate_conn
    conn.connect()
    ~~~~~~~~~~~~^^
  File "C:\Users\tship\solara_etl\solara-etl\venv\Lib\site-packages\urllib3\connection.py", line 753, in connect
    self.sock = sock = self._new_conn()
                       ~~~~~~~~~~~~~~^^
  File "C:\Users\tship\solara_etl\solara-etl\venv\Lib\site-packages\urllib3\connection.py", line 205, in _new_conn
    raise NameResolutionError(self.host, self, e) from e
urllib3.exceptions.NameResolutionError: <botocore.awsrequest.AWSHTTPSConnection object at 0x000002396F58C050>: Failed to resolve 'ssm.us-east-1.amazonaws.com' ([Errno 11001] getaddrinfo failed)

During handling of the above exception, another exception occurred:

Traceback (most recent call last):
  File "C:\Users\tship\solara_etl\solara-etl\main_2.py", line 103, in run_pipeline
    snow_creds = get_snowflake_config_from_ssm()
  File "C:\Users\tship\solara_etl\solara-etl\main_2.py", line 93, in get_snowflake_config_from_ssm
    raise e
  File "C:\Users\tship\solara_etl\solara-etl\main_2.py", line 67, in get_snowflake_config_from_ssm
    key_pem = ssm_us.get_parameter(Name="/snowflake/connection_private_key", WithDecryption=True)["Parameter"]["Value"]
              ~~~~~~~~~~~~~~~~~~~~^^^^^^^^^^^^^^^^^^^^^^^^^^^^^^^^^^^^^^^^^^^^^^^^^^^^^^^^^^^^^^^
  File "C:\Users\tship\solara_etl\solara-etl\venv\Lib\site-packages\botocore\client.py", line 602, in _api_call
    return self._make_api_call(operation_name, kwargs)
           ~~~~~~~~~~~~~~~~~~~^^^^^^^^^^^^^^^^^^^^^^^^
  File "C:\Users\tship\solara_etl\solara-etl\venv\Lib\site-packages\botocore\context.py", line 123, in wrapper
    return func(*args, **kwargs)
  File "C:\Users\tship\solara_etl\solara-etl\venv\Lib\site-packages\botocore\client.py", line 1060, in _make_api_call
    http, parsed_response = self._make_request(
                            ~~~~~~~~~~~~~~~~~~^
        operation_model, request_dict, request_context
        ^^^^^^^^^^^^^^^^^^^^^^^^^^^^^^^^^^^^^^^^^^^^^^
    )
    ^
  File "C:\Users\tship\solara_etl\solara-etl\venv\Lib\site-packages\botocore\client.py", line 1084, in _make_request
    return self._endpoint.make_request(operation_model, request_dict)
           ~~~~~~~~~~~~~~~~~~~~~~~~~~~^^^^^^^^^^^^^^^^^^^^^^^^^^^^^^^
  File "C:\Users\tship\solara_etl\solara-etl\venv\Lib\site-packages\botocore\endpoint.py", line 119, in make_request
    return self._send_request(request_dict, operation_model)
           ~~~~~~~~~~~~~~~~~~^^^^^^^^^^^^^^^^^^^^^^^^^^^^^^^
  File "C:\Users\tship\solara_etl\solara-etl\venv\Lib\site-packages\botocore\endpoint.py", line 200, in _send_request
    while self._needs_retry(
          ~~~~~~~~~~~~~~~~~^
        attempts,
        ^^^^^^^^^
    ...<3 lines>...
        exception,
        ^^^^^^^^^^
    ):
    ^
  File "C:\Users\tship\solara_etl\solara-etl\venv\Lib\site-packages\botocore\endpoint.py", line 360, in _needs_retry
    responses = self._event_emitter.emit(
        event_name,
    ...<5 lines>...
        request_dict=request_dict,
    )
  File "C:\Users\tship\solara_etl\solara-etl\venv\Lib\site-packages\botocore\hooks.py", line 412, in emit
    return self._emitter.emit(aliased_event_name, **kwargs)
           ~~~~~~~~~~~~~~~~~~^^^^^^^^^^^^^^^^^^^^^^^^^^^^^^
  File "C:\Users\tship\solara_etl\solara-etl\venv\Lib\site-packages\botocore\hooks.py", line 256, in emit
    return self._emit(event_name, kwargs)
           ~~~~~~~~~~^^^^^^^^^^^^^^^^^^^^
  File "C:\Users\tship\solara_etl\solara-etl\venv\Lib\site-packages\botocore\hooks.py", line 239, in _emit
    response = handler(**kwargs)
  File "C:\Users\tship\solara_etl\solara-etl\venv\Lib\site-packages\botocore\retryhandler.py", line 207, in __call__
    if self._checker(**checker_kwargs):
       ~~~~~~~~~~~~~^^^^^^^^^^^^^^^^^^
  File "C:\Users\tship\solara_etl\solara-etl\venv\Lib\site-packages\botocore\retryhandler.py", line 284, in __call__
    should_retry = self._should_retry(
        attempt_number, response, caught_exception
    )
  File "C:\Users\tship\solara_etl\solara-etl\venv\Lib\site-packages\botocore\retryhandler.py", line 320, in _should_retry
    return self._checker(attempt_number, response, caught_exception)
           ~~~~~~~~~~~~~^^^^^^^^^^^^^^^^^^^^^^^^^^^^^^^^^^^^^^^^^^^^
  File "C:\Users\tship\solara_etl\solara-etl\venv\Lib\site-packages\botocore\retryhandler.py", line 363, in __call__
    checker_response = checker(
        attempt_number, response, caught_exception
    )
  File "C:\Users\tship\solara_etl\solara-etl\venv\Lib\site-packages\botocore\retryhandler.py", line 247, in __call__
    return self._check_caught_exception(
           ~~~~~~~~~~~~~~~~~~~~~~~~~~~~^
        attempt_number, caught_exception
        ^^^^^^^^^^^^^^^^^^^^^^^^^^^^^^^^
    )
    ^
  File "C:\Users\tship\solara_etl\solara-etl\venv\Lib\site-packages\botocore\retryhandler.py", line 416, in _check_caught_exception
    raise caught_exception
  File "C:\Users\tship\solara_etl\solara-etl\venv\Lib\site-packages\botocore\endpoint.py", line 279, in _do_get_response
    http_response = self._send(request)
  File "C:\Users\tship\solara_etl\solara-etl\venv\Lib\site-packages\botocore\endpoint.py", line 383, in _send
    return self.http_session.send(request)
           ~~~~~~~~~~~~~~~~~~~~~~^^^^^^^^^
  File "C:\Users\tship\solara_etl\solara-etl\venv\Lib\site-packages\botocore\httpsession.py", line 494, in send
    raise EndpointConnectionError(endpoint_url=request.url, error=e)
botocore.exceptions.EndpointConnectionError: Could not connect to the endpoint URL: "https://ssm.us-east-1.amazonaws.com/"
2025-12-10 08:21:10,614 - __main__ - INFO - --- STARTING ETL PIPELINE ---
2025-12-10 08:21:10,615 - __main__ - INFO - Fetching Snowflake secrets from SSM...
2025-12-10 08:21:19,545 - __main__ - INFO - --- Inspecting Source Schema & Applying Fixes ---
2025-12-10 08:21:19,547 - __main__ - INFO - Updated schema for table: django_migrations (All columns set to Nullable, write_disposition=replace)
2025-12-10 08:21:19,548 - __main__ - INFO - Updated schema for table: django_content_type (All columns set to Nullable, write_disposition=replace)
2025-12-10 08:21:19,548 - __main__ - INFO - Updated schema for table: auth_permission (All columns set to Nullable, write_disposition=replace)
2025-12-10 08:21:19,549 - __main__ - INFO - Updated schema for table: auth_group (All columns set to Nullable, write_disposition=replace)
2025-12-10 08:21:19,549 - __main__ - INFO - Updated schema for table: auth_group_permissions (All columns set to Nullable, write_disposition=replace)
2025-12-10 08:21:19,550 - __main__ - INFO - Updated schema for table: auth_user (All columns set to Nullable, write_disposition=replace)
2025-12-10 08:21:19,551 - __main__ - INFO - Updated schema for table: auth_user_groups (All columns set to Nullable, write_disposition=replace)
2025-12-10 08:21:19,552 - __main__ - INFO - Updated schema for table: auth_user_user_permissions (All columns set to Nullable, write_disposition=replace)
2025-12-10 08:21:19,552 - __main__ - INFO - Updated schema for table: p42_applicationauditlog (All columns set to Nullable, write_disposition=replace)
2025-12-10 08:21:19,553 - __main__ - INFO - Updated schema for table: p42_vehicleauditlog (All columns set to Nullable, write_disposition=replace)
2025-12-10 08:21:19,554 - __main__ - INFO - Updated schema for table: auditlog_logentry (All columns set to Nullable, write_disposition=replace)
2025-12-10 08:21:19,555 - __main__ - INFO - Updated schema for table: p42_vehicle (All columns set to Nullable, write_disposition=replace)
2025-12-10 08:21:19,555 - __main__ - INFO - Updated schema for table: p42_vehicledata (All columns set to Nullable, write_disposition=replace)
2025-12-10 08:21:19,556 - __main__ - INFO - Updated schema for table: p42_incomingmessage (All columns set to Nullable, write_disposition=replace)
2025-12-10 08:21:19,557 - __main__ - INFO - Updated schema for table: p42_outgoingmessage (All columns set to Nullable, write_disposition=replace)
2025-12-10 08:21:19,557 - __main__ - INFO - Updated schema for table: django_admin_log (All columns set to Nullable, write_disposition=replace)
2025-12-10 08:21:19,558 - __main__ - INFO - Updated schema for table: p42_prompt (All columns set to Nullable, write_disposition=replace)
2025-12-10 08:21:19,559 - __main__ - INFO - Updated schema for table: p42_template (All columns set to Nullable, write_disposition=replace)
2025-12-10 08:21:19,559 - __main__ - INFO - Updated schema for table: p42_claim (All columns set to Nullable, write_disposition=replace)
2025-12-10 08:21:19,560 - __main__ - INFO - Updated schema for table: p42_inspection (All columns set to Nullable, write_disposition=replace)
2025-12-10 08:21:19,561 - __main__ - INFO - Updated schema for table: p42_task (All columns set to Nullable, write_disposition=replace)
2025-12-10 08:21:19,561 - __main__ - INFO - Updated schema for table: p42_taskattachment (All columns set to Nullable, write_disposition=replace)
2025-12-10 08:21:19,562 - __main__ - INFO - Updated schema for table: p42_taskcomment (All columns set to Nullable, write_disposition=replace)
2025-12-10 08:21:19,563 - __main__ - INFO - Updated schema for table: p42_systemmessage (All columns set to Nullable, write_disposition=replace)
2025-12-10 08:21:19,564 - __main__ - INFO - Updated schema for table: p42_warranty (All columns set to Nullable, write_disposition=replace)
2025-12-10 08:21:19,564 - __main__ - INFO - Updated schema for table: p42_trip (All columns set to Nullable, write_disposition=replace)
2025-12-10 08:21:19,565 - __main__ - INFO - Updated schema for table: p42_service (All columns set to Nullable, write_disposition=replace)
2025-12-10 08:21:19,566 - __main__ - INFO - Updated schema for table: p42_chatconfig (All columns set to Nullable, write_disposition=replace)
2025-12-10 08:21:19,566 - __main__ - INFO - Updated schema for table: p42_kyccheck (All columns set to Nullable, write_disposition=replace)
2025-12-10 08:21:19,568 - __main__ - INFO - Updated schema for table: p42_customer (All columns set to Nullable, write_disposition=replace)
2025-12-10 08:21:19,568 - __main__ - INFO - Updated schema for table: p42_userapplicationlead (All columns set to Nullable, write_disposition=replace)
2025-12-10 08:21:19,569 - __main__ - INFO - Updated schema for table: p42_document (All columns set to Nullable, write_disposition=replace)
2025-12-10 08:21:19,570 - __main__ - INFO - Updated schema for table: p42_creditcheck (All columns set to Nullable, write_disposition=replace)
2025-12-10 08:21:19,570 - __main__ - INFO - Updated schema for table: django_session (All columns set to Nullable, write_disposition=replace)
2025-12-10 08:21:19,571 - __main__ - INFO - Updated schema for table: p42_signing (All columns set to Nullable, write_disposition=replace)
2025-12-10 08:21:19,572 - __main__ - INFO - Updated schema for table: p42_vehiclemake (All columns set to Nullable, write_disposition=replace)
2025-12-10 08:21:19,573 - __main__ - INFO - Updated schema for table: p42_scoringmaxrentconfig (All columns set to Nullable, write_disposition=replace)
2025-12-10 08:21:19,573 - __main__ - INFO - Updated schema for table: p42_contractsequence (All columns set to Nullable, write_disposition=replace)
2025-12-10 08:21:19,574 - __main__ - INFO - Updated schema for table: p42_businessentity (All columns set to Nullable, write_disposition=replace)
2025-12-10 08:21:19,575 - __main__ - INFO - Updated schema for table: p42_dealer (All columns set to Nullable, write_disposition=replace)
2025-12-10 08:21:19,575 - __main__ - INFO - Updated schema for table: p42_scoringresult (All columns set to Nullable, write_disposition=replace)
2025-12-10 08:21:19,576 - __main__ - INFO - Updated schema for table: p42_sagerequestlog (All columns set to Nullable, write_disposition=replace)
2025-12-10 08:21:19,577 - __main__ - INFO - Updated schema for table: p42_salarydata (All columns set to Nullable, write_disposition=replace)
2025-12-10 08:21:19,577 - __main__ - INFO - Updated schema for table: p42_scoringofferdecision (All columns set to Nullable, write_disposition=replace)
2025-12-10 08:21:19,578 - __main__ - INFO - Updated schema for table: p42_dealervehicles (All columns set to Nullable, write_disposition=replace)
2025-12-10 08:21:19,579 - __main__ - INFO - Updated schema for table: p42_applications (All columns set to Nullable, write_disposition=replace)
2025-12-10 08:21:19,579 - __main__ - INFO - Updated schema for table: payments_customerinvoice (All columns set to Nullable, write_disposition=replace)
2025-12-10 08:21:19,580 - __main__ - INFO - Updated schema for table: payments_customerrecurringinvoice (All columns set to Nullable, write_disposition=replace)
2025-12-10 08:21:19,580 - __main__ - INFO - Updated schema for table: p42_applicationlead (All columns set to Nullable, write_disposition=replace)
2025-12-10 08:21:19,581 - __main__ - INFO - Updated schema for table: p42_dealersalesperson (All columns set to Nullable, write_disposition=replace)
2025-12-10 08:21:19,582 - __main__ - INFO - Updated schema for table: p42_validation (All columns set to Nullable, write_disposition=replace)
2025-12-10 08:21:19,583 - __main__ - INFO - Updated schema for table: p42_applicationnotes (All columns set to Nullable, write_disposition=replace)
2025-12-10 08:21:19,584 - __main__ - INFO - Updated schema for table: p42_contract (All columns set to Nullable, write_disposition=replace)
2025-12-10 08:21:19,585 - __main__ - INFO - Updated schema for table: p42_scoringversions (All columns set to Nullable, write_disposition=replace)
2025-12-10 08:21:19,586 - __main__ - INFO - Updated schema for table: dealer_id (All columns set to Nullable, write_disposition=replace)
2025-12-10 08:21:19,586 - __main__ - INFO - Updated schema for table: dealer_id2 (All columns set to Nullable, write_disposition=replace)
2025-12-10 08:21:19,587 - __main__ - INFO - Updated schema for table: payments_customerinvoiceline (All columns set to Nullable, write_disposition=replace)
2025-12-10 08:21:19,588 - __main__ - INFO - Updated schema for table: public_holidays (All columns set to Nullable, write_disposition=replace)
2025-12-10 08:21:19,588 - __main__ - INFO - Updated schema for table: p42_emailscraperlog (All columns set to Nullable, write_disposition=replace)
2025-12-10 08:21:19,589 - __main__ - INFO - Updated schema for table: p42_gmailcredential (All columns set to Nullable, write_disposition=replace)
2025-12-10 08:21:19,590 - __main__ - INFO - Updated schema for table: p42_attachmentscraperlog (All columns set to Nullable, write_disposition=replace)
2025-12-10 08:21:19,591 - __main__ - INFO - Updated schema for table: p42_entrancescoring (All columns set to Nullable, write_disposition=replace)
2025-12-10 08:21:19,592 - __main__ - INFO - Updated schema for table: payments_payment_methods (All columns set to Nullable, write_disposition=replace)
2025-12-10 08:21:19,593 - __main__ - INFO - Updated schema for table: payments_debicheck_mandates (All columns set to Nullable, write_disposition=replace)
2025-12-10 08:21:19,593 - __main__ - INFO - Updated schema for table: payments_collections (All columns set to Nullable, write_disposition=replace)
2025-12-10 08:21:19,594 - __main__ - INFO - --- Starting Extract & Load ---
2025-12-10 08:33:43,620 - __main__ - INFO - --- PIPELINE COMPLETED ---
2025-12-10 08:33:43,621 - __main__ - INFO - Pipeline ssm_postgres_to_snow load step completed in 1 minute and 9.87 seconds
1 load package(s) were loaded to destination snowflake and into dataset ODS_SWF_SA_RAW
The snowflake destination used snowflake://PLANET42_SYSTEM_READ_WRITE_USER@qg21124.eu-west-1/PLANET42_LIVE_DB location to store data
Load package 1765347683.436351 is LOADED and contains no failed jobs
2025-12-10 12:10:25,133 - __main__ - INFO - --- STARTING ETL PIPELINE ---
2025-12-10 12:10:25,134 - __main__ - INFO - Fetching Snowflake secrets from SSM...
2025-12-10 12:10:31,559 - __main__ - INFO - --- Inspecting Source Schema & Applying Fixes ---
2025-12-10 12:10:31,560 - __main__ - INFO - Updated schema for table: django_migrations (All columns set to Nullable, write_disposition=replace)
2025-12-10 12:10:31,561 - __main__ - INFO - Updated schema for table: django_content_type (All columns set to Nullable, write_disposition=replace)
2025-12-10 12:10:31,562 - __main__ - INFO - Updated schema for table: auth_permission (All columns set to Nullable, write_disposition=replace)
2025-12-10 12:10:31,562 - __main__ - INFO - Updated schema for table: auth_group (All columns set to Nullable, write_disposition=replace)
2025-12-10 12:10:31,563 - __main__ - INFO - Updated schema for table: auth_group_permissions (All columns set to Nullable, write_disposition=replace)
2025-12-10 12:10:31,563 - __main__ - INFO - Updated schema for table: auth_user (All columns set to Nullable, write_disposition=replace)
2025-12-10 12:10:31,564 - __main__ - INFO - Updated schema for table: auth_user_groups (All columns set to Nullable, write_disposition=replace)
2025-12-10 12:10:31,565 - __main__ - INFO - Updated schema for table: auth_user_user_permissions (All columns set to Nullable, write_disposition=replace)
2025-12-10 12:10:31,565 - __main__ - INFO - Updated schema for table: p42_applicationauditlog (All columns set to Nullable, write_disposition=replace)
2025-12-10 12:10:31,566 - __main__ - INFO - Updated schema for table: p42_vehicleauditlog (All columns set to Nullable, write_disposition=replace)
2025-12-10 12:10:31,567 - __main__ - INFO - Updated schema for table: auditlog_logentry (All columns set to Nullable, write_disposition=replace)
2025-12-10 12:10:31,568 - __main__ - INFO - Updated schema for table: p42_vehicle (All columns set to Nullable, write_disposition=replace)
2025-12-10 12:10:31,569 - __main__ - INFO - Updated schema for table: p42_vehicledata (All columns set to Nullable, write_disposition=replace)
2025-12-10 12:10:31,570 - __main__ - INFO - Updated schema for table: p42_incomingmessage (All columns set to Nullable, write_disposition=replace)
2025-12-10 12:10:31,571 - __main__ - INFO - Updated schema for table: p42_outgoingmessage (All columns set to Nullable, write_disposition=replace)
2025-12-10 12:10:31,573 - __main__ - INFO - Updated schema for table: django_admin_log (All columns set to Nullable, write_disposition=replace)
2025-12-10 12:10:31,573 - __main__ - INFO - Updated schema for table: p42_prompt (All columns set to Nullable, write_disposition=replace)
2025-12-10 12:10:31,575 - __main__ - INFO - Updated schema for table: p42_template (All columns set to Nullable, write_disposition=replace)
2025-12-10 12:10:31,576 - __main__ - INFO - Updated schema for table: p42_claim (All columns set to Nullable, write_disposition=replace)
2025-12-10 12:10:31,578 - __main__ - INFO - Updated schema for table: p42_inspection (All columns set to Nullable, write_disposition=replace)
2025-12-10 12:10:31,579 - __main__ - INFO - Updated schema for table: p42_task (All columns set to Nullable, write_disposition=replace)
2025-12-10 12:10:31,580 - __main__ - INFO - Updated schema for table: p42_taskattachment (All columns set to Nullable, write_disposition=replace)
2025-12-10 12:10:31,581 - __main__ - INFO - Updated schema for table: p42_taskcomment (All columns set to Nullable, write_disposition=replace)
2025-12-10 12:10:31,581 - __main__ - INFO - Updated schema for table: p42_systemmessage (All columns set to Nullable, write_disposition=replace)
2025-12-10 12:10:31,582 - __main__ - INFO - Updated schema for table: p42_warranty (All columns set to Nullable, write_disposition=replace)
2025-12-10 12:10:31,584 - __main__ - INFO - Updated schema for table: p42_trip (All columns set to Nullable, write_disposition=replace)
2025-12-10 12:10:31,585 - __main__ - INFO - Updated schema for table: p42_service (All columns set to Nullable, write_disposition=replace)
2025-12-10 12:10:31,586 - __main__ - INFO - Updated schema for table: p42_chatconfig (All columns set to Nullable, write_disposition=replace)
2025-12-10 12:10:31,587 - __main__ - INFO - Updated schema for table: p42_kyccheck (All columns set to Nullable, write_disposition=replace)
2025-12-10 12:10:31,588 - __main__ - INFO - Updated schema for table: p42_customer (All columns set to Nullable, write_disposition=replace)
2025-12-10 12:10:31,588 - __main__ - INFO - Updated schema for table: p42_userapplicationlead (All columns set to Nullable, write_disposition=replace)
2025-12-10 12:10:31,589 - __main__ - INFO - Updated schema for table: p42_document (All columns set to Nullable, write_disposition=replace)
2025-12-10 12:10:31,591 - __main__ - INFO - Updated schema for table: p42_creditcheck (All columns set to Nullable, write_disposition=replace)
2025-12-10 12:10:31,592 - __main__ - INFO - Updated schema for table: django_session (All columns set to Nullable, write_disposition=replace)
2025-12-10 12:10:31,593 - __main__ - INFO - Updated schema for table: p42_signing (All columns set to Nullable, write_disposition=replace)
2025-12-10 12:10:31,594 - __main__ - INFO - Updated schema for table: p42_vehiclemake (All columns set to Nullable, write_disposition=replace)
2025-12-10 12:10:31,596 - __main__ - INFO - Updated schema for table: p42_scoringmaxrentconfig (All columns set to Nullable, write_disposition=replace)
2025-12-10 12:10:31,596 - __main__ - INFO - Updated schema for table: p42_contractsequence (All columns set to Nullable, write_disposition=replace)
2025-12-10 12:10:31,597 - __main__ - INFO - Updated schema for table: p42_businessentity (All columns set to Nullable, write_disposition=replace)
2025-12-10 12:10:31,598 - __main__ - INFO - Updated schema for table: p42_dealer (All columns set to Nullable, write_disposition=replace)
2025-12-10 12:10:31,599 - __main__ - INFO - Updated schema for table: p42_scoringresult (All columns set to Nullable, write_disposition=replace)
2025-12-10 12:10:31,600 - __main__ - INFO - Updated schema for table: p42_sagerequestlog (All columns set to Nullable, write_disposition=replace)
2025-12-10 12:10:31,601 - __main__ - INFO - Updated schema for table: p42_salarydata (All columns set to Nullable, write_disposition=replace)
2025-12-10 12:10:31,603 - __main__ - INFO - Updated schema for table: p42_scoringofferdecision (All columns set to Nullable, write_disposition=replace)
2025-12-10 12:10:31,603 - __main__ - INFO - Updated schema for table: p42_dealervehicles (All columns set to Nullable, write_disposition=replace)
2025-12-10 12:10:31,604 - __main__ - INFO - Updated schema for table: p42_applications (All columns set to Nullable, write_disposition=replace)
2025-12-10 12:10:31,606 - __main__ - INFO - Updated schema for table: payments_customerinvoice (All columns set to Nullable, write_disposition=replace)
2025-12-10 12:10:31,607 - __main__ - INFO - Updated schema for table: payments_customerrecurringinvoice (All columns set to Nullable, write_disposition=replace)
2025-12-10 12:10:31,607 - __main__ - INFO - Updated schema for table: p42_applicationlead (All columns set to Nullable, write_disposition=replace)
2025-12-10 12:10:31,609 - __main__ - INFO - Updated schema for table: p42_dealersalesperson (All columns set to Nullable, write_disposition=replace)
2025-12-10 12:10:31,610 - __main__ - INFO - Updated schema for table: p42_validation (All columns set to Nullable, write_disposition=replace)
2025-12-10 12:10:31,611 - __main__ - INFO - Updated schema for table: p42_applicationnotes (All columns set to Nullable, write_disposition=replace)
2025-12-10 12:10:31,612 - __main__ - INFO - Updated schema for table: p42_contract (All columns set to Nullable, write_disposition=replace)
2025-12-10 12:10:31,613 - __main__ - INFO - Updated schema for table: p42_scoringversions (All columns set to Nullable, write_disposition=replace)
2025-12-10 12:10:31,614 - __main__ - INFO - Updated schema for table: dealer_id (All columns set to Nullable, write_disposition=replace)
2025-12-10 12:10:31,615 - __main__ - INFO - Updated schema for table: dealer_id2 (All columns set to Nullable, write_disposition=replace)
2025-12-10 12:10:31,616 - __main__ - INFO - Updated schema for table: payments_customerinvoiceline (All columns set to Nullable, write_disposition=replace)
2025-12-10 12:10:31,617 - __main__ - INFO - Updated schema for table: public_holidays (All columns set to Nullable, write_disposition=replace)
2025-12-10 12:10:31,618 - __main__ - INFO - Updated schema for table: p42_emailscraperlog (All columns set to Nullable, write_disposition=replace)
2025-12-10 12:10:31,619 - __main__ - INFO - Updated schema for table: p42_gmailcredential (All columns set to Nullable, write_disposition=replace)
2025-12-10 12:10:31,620 - __main__ - INFO - Updated schema for table: p42_attachmentscraperlog (All columns set to Nullable, write_disposition=replace)
2025-12-10 12:10:31,621 - __main__ - INFO - Updated schema for table: p42_entrancescoring (All columns set to Nullable, write_disposition=replace)
2025-12-10 12:10:31,622 - __main__ - INFO - Updated schema for table: payments_payment_methods (All columns set to Nullable, write_disposition=replace)
2025-12-10 12:10:31,623 - __main__ - INFO - Updated schema for table: payments_debicheck_mandates (All columns set to Nullable, write_disposition=replace)
2025-12-10 12:10:31,623 - __main__ - INFO - Updated schema for table: payments_collections (All columns set to Nullable, write_disposition=replace)
2025-12-10 12:10:31,624 - __main__ - INFO - --- Starting Extract & Load ---
2025-12-10 12:23:04,601 - __main__ - CRITICAL - Pipeline Crashed!
Traceback (most recent call last):
  File "C:\Users\tship\solara_etl\solara-etl\venv\Lib\site-packages\dlt\destinations\sql_client.py", line 448, in _wrap_gen
    return (yield from f(self, *args, **kwargs))
            ^^^^^^^^^^^^^^^^^^^^^^^^^^^^^^^^^^^
  File "C:\Users\tship\solara_etl\solara-etl\venv\Lib\site-packages\dlt\destinations\impl\snowflake\sql_client.py", line 138, in execute_query
    raise outer
  File "C:\Users\tship\solara_etl\solara-etl\venv\Lib\site-packages\dlt\destinations\impl\snowflake\sql_client.py", line 130, in execute_query
    curr.execute(query, db_args, num_statements=0)
    ~~~~~~~~~~~~^^^^^^^^^^^^^^^^^^^^^^^^^^^^^^^^^^
  File "C:\Users\tship\solara_etl\solara-etl\venv\Lib\site-packages\snowflake\connector\cursor.py", line 1121, in execute
    Error.errorhandler_wrapper(self.connection, self, error_class, errvalue)
    ~~~~~~~~~~~~~~~~~~~~~~~~~~^^^^^^^^^^^^^^^^^^^^^^^^^^^^^^^^^^^^^^^^^^^^^^
  File "C:\Users\tship\solara_etl\solara-etl\venv\Lib\site-packages\snowflake\connector\errors.py", line 286, in errorhandler_wrapper
    handed_over = Error.hand_to_other_handler(
        connection,
    ...<2 lines>...
        error_value,
    )
  File "C:\Users\tship\solara_etl\solara-etl\venv\Lib\site-packages\snowflake\connector\errors.py", line 341, in hand_to_other_handler
    cursor.errorhandler(connection, cursor, error_class, error_value)
    ~~~~~~~~~~~~~~~~~~~^^^^^^^^^^^^^^^^^^^^^^^^^^^^^^^^^^^^^^^^^^^^^^
  File "C:\Users\tship\solara_etl\solara-etl\venv\Lib\site-packages\snowflake\connector\errors.py", line 217, in default_errorhandler
    raise error_class(
    ...<10 lines>...
    )
snowflake.connector.errors.ProgrammingError: 100132 (P0000): JavaScript execution error: Uncaught Execution of multiple statements failed on statement "ALTER TABLE "ODS_SOLARA"."AUDI..." (at line 1, position 0).
SQL compilation error: Non-nullable column '_DLT_LOAD_ID' cannot be added to non-empty table 'AUDITLOG_LOGENTRY' unless it has a non-null default value. in SYSTEM$MULTISTMT at '    throw `Execution of multiple statements failed on statement {0} (at line {1}, position {2}).`.replace('{1}', LINES[i])' position 4
stackstrace: 
SYSTEM$MULTISTMT line: 10

The above exception was the direct cause of the following exception:

Traceback (most recent call last):
  File "C:\Users\tship\solara_etl\solara-etl\venv\Lib\site-packages\dlt\pipeline\pipeline.py", line 598, in load
    runner.run_pool(load_step.config, load_step)
    ~~~~~~~~~~~~~~~^^^^^^^^^^^^^^^^^^^^^^^^^^^^^
  File "C:\Users\tship\solara_etl\solara-etl\venv\Lib\site-packages\dlt\common\runners\pool_runner.py", line 203, in run_pool
    while _run_func():
          ~~~~~~~~~^^
  File "C:\Users\tship\solara_etl\solara-etl\venv\Lib\site-packages\dlt\common\runners\pool_runner.py", line 196, in _run_func
    run_metrics = run_f.run(cast(TExecutor, pool))
  File "C:\Users\tship\solara_etl\solara-etl\venv\Lib\site-packages\dlt\load\load.py", line 685, in run
    self.load_single_package(load_id, schema)
    ~~~~~~~~~~~~~~~~~~~~~~~~^^^^^^^^^^^^^^^^^
  File "C:\Users\tship\solara_etl\solara-etl\venv\Lib\site-packages\dlt\load\load.py", line 588, in load_single_package
    running_jobs = self.initialize_package(load_id, schema, new_jobs)
  File "C:\Users\tship\solara_etl\solara-etl\venv\Lib\site-packages\dlt\load\load.py", line 531, in initialize_package
    applied_update = init_client(
        job_client,
    ...<11 lines>...
        truncate_tables=truncated_tables,
    )
  File "C:\Users\tship\solara_etl\solara-etl\venv\Lib\site-packages\dlt\load\utils.py", line 124, in init_client
    applied_update = _init_dataset_and_update_schema(
        job_client,
    ...<3 lines>...
        drop_tables=drop_table_names,
    )
  File "C:\Users\tship\solara_etl\solara-etl\venv\Lib\site-packages\dlt\load\utils.py", line 188, in _init_dataset_and_update_schema
    applied_update = job_client.update_stored_schema(
        only_tables=update_tables, expected_update=expected_update
    )
  File "C:\Users\tship\solara_etl\solara-etl\venv\Lib\site-packages\dlt\destinations\job_client_impl.py", line 314, in update_stored_schema
    applied_update = self._execute_schema_update_sql(only_tables)
  File "C:\Users\tship\solara_etl\solara-etl\venv\Lib\site-packages\dlt\destinations\job_client_impl.py", line 637, in _execute_schema_update_sql
    self.sql_client.execute_many(sql_scripts)
    ~~~~~~~~~~~~~~~~~~~~~~~~~~~~^^^^^^^^^^^^^
  File "C:\Users\tship\solara_etl\solara-etl\venv\Lib\site-packages\dlt\destinations\sql_client.py", line 192, in execute_many
    ret.append(self.execute_sql(sql_fragment + ";", *args, **kwargs))
               ~~~~~~~~~~~~~~~~^^^^^^^^^^^^^^^^^^^^^^^^^^^^^^^^^^^^^
  File "C:\Users\tship\solara_etl\solara-etl\venv\Lib\site-packages\dlt\destinations\impl\snowflake\sql_client.py", line 116, in execute_sql
    with self.execute_query(sql, *args, **kwargs) as curr:
         ~~~~~~~~~~~~~~~~~~^^^^^^^^^^^^^^^^^^^^^^
  File "C:\Python313\Lib\contextlib.py", line 141, in __enter__
    return next(self.gen)
  File "C:\Users\tship\solara_etl\solara-etl\venv\Lib\site-packages\dlt\destinations\sql_client.py", line 454, in _wrap_gen
    raise db_ex.with_traceback(ex.__traceback__) from ex
  File "C:\Users\tship\solara_etl\solara-etl\venv\Lib\site-packages\dlt\destinations\sql_client.py", line 448, in _wrap_gen
    return (yield from f(self, *args, **kwargs))
            ^^^^^^^^^^^^^^^^^^^^^^^^^^^^^^^^^^^
  File "C:\Users\tship\solara_etl\solara-etl\venv\Lib\site-packages\dlt\destinations\impl\snowflake\sql_client.py", line 138, in execute_query
    raise outer
  File "C:\Users\tship\solara_etl\solara-etl\venv\Lib\site-packages\dlt\destinations\impl\snowflake\sql_client.py", line 130, in execute_query
    curr.execute(query, db_args, num_statements=0)
    ~~~~~~~~~~~~^^^^^^^^^^^^^^^^^^^^^^^^^^^^^^^^^^
  File "C:\Users\tship\solara_etl\solara-etl\venv\Lib\site-packages\snowflake\connector\cursor.py", line 1121, in execute
    Error.errorhandler_wrapper(self.connection, self, error_class, errvalue)
    ~~~~~~~~~~~~~~~~~~~~~~~~~~^^^^^^^^^^^^^^^^^^^^^^^^^^^^^^^^^^^^^^^^^^^^^^
  File "C:\Users\tship\solara_etl\solara-etl\venv\Lib\site-packages\snowflake\connector\errors.py", line 286, in errorhandler_wrapper
    handed_over = Error.hand_to_other_handler(
        connection,
    ...<2 lines>...
        error_value,
    )
  File "C:\Users\tship\solara_etl\solara-etl\venv\Lib\site-packages\snowflake\connector\errors.py", line 341, in hand_to_other_handler
    cursor.errorhandler(connection, cursor, error_class, error_value)
    ~~~~~~~~~~~~~~~~~~~^^^^^^^^^^^^^^^^^^^^^^^^^^^^^^^^^^^^^^^^^^^^^^
  File "C:\Users\tship\solara_etl\solara-etl\venv\Lib\site-packages\snowflake\connector\errors.py", line 217, in default_errorhandler
    raise error_class(
    ...<10 lines>...
    )
dlt.destinations.exceptions.DatabaseTransientException: 100132 (P0000): JavaScript execution error: Uncaught Execution of multiple statements failed on statement "ALTER TABLE "ODS_SOLARA"."AUDI..." (at line 1, position 0).
SQL compilation error: Non-nullable column '_DLT_LOAD_ID' cannot be added to non-empty table 'AUDITLOG_LOGENTRY' unless it has a non-null default value. in SYSTEM$MULTISTMT at '    throw `Execution of multiple statements failed on statement {0} (at line {1}, position {2}).`.replace('{1}', LINES[i])' position 4
stackstrace: 
SYSTEM$MULTISTMT line: 10

The above exception was the direct cause of the following exception:

Traceback (most recent call last):
  File "C:\Users\tship\solara_etl\solara-etl\main.py", line 151, in run_pipeline
    info = pipeline.run(source, loader_file_format="csv")
  File "C:\Users\tship\solara_etl\solara-etl\venv\Lib\site-packages\dlt\pipeline\pipeline.py", line 224, in _wrap
    step_info = f(self, *args, **kwargs)
  File "C:\Users\tship\solara_etl\solara-etl\venv\Lib\site-packages\dlt\pipeline\pipeline.py", line 272, in _wrap
    return f(self, *args, **kwargs)
  File "C:\Users\tship\solara_etl\solara-etl\venv\Lib\site-packages\dlt\pipeline\pipeline.py", line 739, in run
    return self.load(destination, dataset_name, credentials=credentials)
           ~~~~~~~~~^^^^^^^^^^^^^^^^^^^^^^^^^^^^^^^^^^^^^^^^^^^^^^^^^^^^
  File "C:\Users\tship\solara_etl\solara-etl\venv\Lib\site-packages\dlt\pipeline\pipeline.py", line 224, in _wrap
    step_info = f(self, *args, **kwargs)
  File "C:\Users\tship\solara_etl\solara-etl\venv\Lib\site-packages\dlt\pipeline\pipeline.py", line 164, in _wrap
    return f(self, *args, **kwargs)
  File "C:\Users\tship\solara_etl\solara-etl\venv\Lib\site-packages\dlt\pipeline\pipeline.py", line 272, in _wrap
    return f(self, *args, **kwargs)
  File "C:\Users\tship\solara_etl\solara-etl\venv\Lib\site-packages\dlt\pipeline\pipeline.py", line 604, in load
    raise PipelineStepFailed(
        self, "load", load_step.current_load_id, l_ex, step_info
    ) from l_ex
dlt.pipeline.exceptions.PipelineStepFailed: Pipeline execution failed at `step=load` when processing package with `load_id=1765361435.9365609` with exception:

<class 'dlt.destinations.exceptions.DatabaseTransientException'>
100132 (P0000): JavaScript execution error: Uncaught Execution of multiple statements failed on statement "ALTER TABLE "ODS_SOLARA"."AUDI..." (at line 1, position 0).
SQL compilation error: Non-nullable column '_DLT_LOAD_ID' cannot be added to non-empty table 'AUDITLOG_LOGENTRY' unless it has a non-null default value. in SYSTEM$MULTISTMT at '    throw `Execution of multiple statements failed on statement {0} (at line {1}, position {2}).`.replace('{1}', LINES[i])' position 4
stackstrace: 
SYSTEM$MULTISTMT line: 10
2025-12-10 12:25:22,538 - __main__ - INFO - --- STARTING ETL PIPELINE ---
2025-12-10 12:25:22,539 - __main__ - INFO - Fetching Snowflake secrets from SSM...
2025-12-10 12:25:30,234 - __main__ - INFO - --- Inspecting Source Schema & Applying Fixes ---
2025-12-10 12:25:30,236 - __main__ - INFO - Updated schema for table: django_migrations (All columns set to Nullable, write_disposition=replace)
2025-12-10 12:25:30,237 - __main__ - INFO - Updated schema for table: django_content_type (All columns set to Nullable, write_disposition=replace)
2025-12-10 12:25:30,238 - __main__ - INFO - Updated schema for table: auth_permission (All columns set to Nullable, write_disposition=replace)
2025-12-10 12:25:30,238 - __main__ - INFO - Updated schema for table: auth_group (All columns set to Nullable, write_disposition=replace)
2025-12-10 12:25:30,239 - __main__ - INFO - Updated schema for table: auth_group_permissions (All columns set to Nullable, write_disposition=replace)
2025-12-10 12:25:30,239 - __main__ - INFO - Updated schema for table: auth_user (All columns set to Nullable, write_disposition=replace)
2025-12-10 12:25:30,240 - __main__ - INFO - Updated schema for table: auth_user_groups (All columns set to Nullable, write_disposition=replace)
2025-12-10 12:25:30,240 - __main__ - INFO - Updated schema for table: auth_user_user_permissions (All columns set to Nullable, write_disposition=replace)
2025-12-10 12:25:30,241 - __main__ - INFO - Updated schema for table: p42_applicationauditlog (All columns set to Nullable, write_disposition=replace)
2025-12-10 12:25:30,241 - __main__ - INFO - Updated schema for table: p42_vehicleauditlog (All columns set to Nullable, write_disposition=replace)
2025-12-10 12:25:30,242 - __main__ - INFO - Updated schema for table: auditlog_logentry (All columns set to Nullable, write_disposition=replace)
2025-12-10 12:25:30,243 - __main__ - INFO - Updated schema for table: p42_vehicle (All columns set to Nullable, write_disposition=replace)
2025-12-10 12:25:30,245 - __main__ - INFO - Updated schema for table: p42_vehicledata (All columns set to Nullable, write_disposition=replace)
2025-12-10 12:25:30,245 - __main__ - INFO - Updated schema for table: p42_incomingmessage (All columns set to Nullable, write_disposition=replace)
2025-12-10 12:25:30,246 - __main__ - INFO - Updated schema for table: p42_outgoingmessage (All columns set to Nullable, write_disposition=replace)
2025-12-10 12:25:30,247 - __main__ - INFO - Updated schema for table: django_admin_log (All columns set to Nullable, write_disposition=replace)
2025-12-10 12:25:30,247 - __main__ - INFO - Updated schema for table: p42_prompt (All columns set to Nullable, write_disposition=replace)
2025-12-10 12:25:30,248 - __main__ - INFO - Updated schema for table: p42_template (All columns set to Nullable, write_disposition=replace)
2025-12-10 12:25:30,248 - __main__ - INFO - Updated schema for table: p42_claim (All columns set to Nullable, write_disposition=replace)
2025-12-10 12:25:30,250 - __main__ - INFO - Updated schema for table: p42_inspection (All columns set to Nullable, write_disposition=replace)
2025-12-10 12:25:30,252 - __main__ - INFO - Updated schema for table: p42_task (All columns set to Nullable, write_disposition=replace)
2025-12-10 12:25:30,254 - __main__ - INFO - Updated schema for table: p42_taskattachment (All columns set to Nullable, write_disposition=replace)
2025-12-10 12:25:30,256 - __main__ - INFO - Updated schema for table: p42_taskcomment (All columns set to Nullable, write_disposition=replace)
2025-12-10 12:25:30,257 - __main__ - INFO - Updated schema for table: p42_systemmessage (All columns set to Nullable, write_disposition=replace)
2025-12-10 12:25:30,261 - __main__ - INFO - Updated schema for table: p42_warranty (All columns set to Nullable, write_disposition=replace)
2025-12-10 12:25:30,262 - __main__ - INFO - Updated schema for table: p42_trip (All columns set to Nullable, write_disposition=replace)
2025-12-10 12:25:30,264 - __main__ - INFO - Updated schema for table: p42_service (All columns set to Nullable, write_disposition=replace)
2025-12-10 12:25:30,265 - __main__ - INFO - Updated schema for table: p42_chatconfig (All columns set to Nullable, write_disposition=replace)
2025-12-10 12:25:30,265 - __main__ - INFO - Updated schema for table: p42_kyccheck (All columns set to Nullable, write_disposition=replace)
2025-12-10 12:25:30,267 - __main__ - INFO - Updated schema for table: p42_customer (All columns set to Nullable, write_disposition=replace)
2025-12-10 12:25:30,268 - __main__ - INFO - Updated schema for table: p42_userapplicationlead (All columns set to Nullable, write_disposition=replace)
2025-12-10 12:25:30,271 - __main__ - INFO - Updated schema for table: p42_document (All columns set to Nullable, write_disposition=replace)
2025-12-10 12:25:30,272 - __main__ - INFO - Updated schema for table: p42_creditcheck (All columns set to Nullable, write_disposition=replace)
2025-12-10 12:25:30,273 - __main__ - INFO - Updated schema for table: django_session (All columns set to Nullable, write_disposition=replace)
2025-12-10 12:25:30,274 - __main__ - INFO - Updated schema for table: p42_signing (All columns set to Nullable, write_disposition=replace)
2025-12-10 12:25:30,275 - __main__ - INFO - Updated schema for table: p42_vehiclemake (All columns set to Nullable, write_disposition=replace)
2025-12-10 12:25:30,278 - __main__ - INFO - Updated schema for table: p42_scoringmaxrentconfig (All columns set to Nullable, write_disposition=replace)
2025-12-10 12:25:30,279 - __main__ - INFO - Updated schema for table: p42_contractsequence (All columns set to Nullable, write_disposition=replace)
2025-12-10 12:25:30,279 - __main__ - INFO - Updated schema for table: p42_businessentity (All columns set to Nullable, write_disposition=replace)
2025-12-10 12:25:30,280 - __main__ - INFO - Updated schema for table: p42_dealer (All columns set to Nullable, write_disposition=replace)
2025-12-10 12:25:30,281 - __main__ - INFO - Updated schema for table: p42_scoringresult (All columns set to Nullable, write_disposition=replace)
2025-12-10 12:25:30,282 - __main__ - INFO - Updated schema for table: p42_sagerequestlog (All columns set to Nullable, write_disposition=replace)
2025-12-10 12:25:30,282 - __main__ - INFO - Updated schema for table: p42_salarydata (All columns set to Nullable, write_disposition=replace)
2025-12-10 12:25:30,283 - __main__ - INFO - Updated schema for table: p42_scoringofferdecision (All columns set to Nullable, write_disposition=replace)
2025-12-10 12:25:30,284 - __main__ - INFO - Updated schema for table: p42_dealervehicles (All columns set to Nullable, write_disposition=replace)
2025-12-10 12:25:30,285 - __main__ - INFO - Updated schema for table: p42_applications (All columns set to Nullable, write_disposition=replace)
2025-12-10 12:25:30,286 - __main__ - INFO - Updated schema for table: payments_customerinvoice (All columns set to Nullable, write_disposition=replace)
2025-12-10 12:25:30,287 - __main__ - INFO - Updated schema for table: payments_customerrecurringinvoice (All columns set to Nullable, write_disposition=replace)
2025-12-10 12:25:30,288 - __main__ - INFO - Updated schema for table: p42_applicationlead (All columns set to Nullable, write_disposition=replace)
2025-12-10 12:25:30,289 - __main__ - INFO - Updated schema for table: p42_dealersalesperson (All columns set to Nullable, write_disposition=replace)
2025-12-10 12:25:30,289 - __main__ - INFO - Updated schema for table: p42_validation (All columns set to Nullable, write_disposition=replace)
2025-12-10 12:25:30,292 - __main__ - INFO - Updated schema for table: p42_applicationnotes (All columns set to Nullable, write_disposition=replace)
2025-12-10 12:25:30,294 - __main__ - INFO - Updated schema for table: p42_contract (All columns set to Nullable, write_disposition=replace)
2025-12-10 12:25:30,295 - __main__ - INFO - Updated schema for table: p42_scoringversions (All columns set to Nullable, write_disposition=replace)
2025-12-10 12:25:30,296 - __main__ - INFO - Updated schema for table: dealer_id (All columns set to Nullable, write_disposition=replace)
2025-12-10 12:25:30,297 - __main__ - INFO - Updated schema for table: dealer_id2 (All columns set to Nullable, write_disposition=replace)
2025-12-10 12:25:30,297 - __main__ - INFO - Updated schema for table: payments_customerinvoiceline (All columns set to Nullable, write_disposition=replace)
2025-12-10 12:25:30,298 - __main__ - INFO - Updated schema for table: public_holidays (All columns set to Nullable, write_disposition=replace)
2025-12-10 12:25:30,299 - __main__ - INFO - Updated schema for table: p42_emailscraperlog (All columns set to Nullable, write_disposition=replace)
2025-12-10 12:25:30,300 - __main__ - INFO - Updated schema for table: p42_gmailcredential (All columns set to Nullable, write_disposition=replace)
2025-12-10 12:25:30,301 - __main__ - INFO - Updated schema for table: p42_attachmentscraperlog (All columns set to Nullable, write_disposition=replace)
2025-12-10 12:25:30,302 - __main__ - INFO - Updated schema for table: p42_entrancescoring (All columns set to Nullable, write_disposition=replace)
2025-12-10 12:25:30,304 - __main__ - INFO - Updated schema for table: payments_payment_methods (All columns set to Nullable, write_disposition=replace)
2025-12-10 12:25:30,305 - __main__ - INFO - Updated schema for table: payments_debicheck_mandates (All columns set to Nullable, write_disposition=replace)
2025-12-10 12:25:30,306 - __main__ - INFO - Updated schema for table: payments_collections (All columns set to Nullable, write_disposition=replace)
2025-12-10 12:25:30,307 - __main__ - INFO - --- Starting Extract & Load ---
2025-12-10 12:38:24,765 - __main__ - INFO - --- PIPELINE COMPLETED ---
2025-12-10 12:38:24,766 - __main__ - INFO - Pipeline solara_postgres_to_snowflake load step completed in 1 minute and 24.83 seconds
1 load package(s) were loaded to destination snowflake and into dataset ODS_SOLARA
The snowflake destination used snowflake://PLANET42_SYSTEM_READ_WRITE_USER@qg21124.eu-west-1/PLANET42_LIVE_DB location to store data
Load package 1765362336.8326335 is LOADED and contains no failed jobs
2025-12-10 12:50:16,832 - __main__ - INFO - --- STARTING ETL PIPELINE ---
2025-12-10 12:50:16,833 - __main__ - INFO - Fetching Snowflake secrets from SSM...
2025-12-10 12:50:23,218 - __main__ - INFO - --- Inspecting Source Schema & Applying Fixes ---
2025-12-10 12:50:23,221 - __main__ - INFO - Updated schema for table: django_migrations (All columns set to Nullable, write_disposition=replace)
2025-12-10 12:50:23,221 - __main__ - INFO - Updated schema for table: django_content_type (All columns set to Nullable, write_disposition=replace)
2025-12-10 12:50:23,222 - __main__ - INFO - Updated schema for table: auth_permission (All columns set to Nullable, write_disposition=replace)
2025-12-10 12:50:23,222 - __main__ - INFO - Updated schema for table: auth_group (All columns set to Nullable, write_disposition=replace)
2025-12-10 12:50:23,223 - __main__ - INFO - Updated schema for table: auth_group_permissions (All columns set to Nullable, write_disposition=replace)
2025-12-10 12:50:23,223 - __main__ - INFO - Updated schema for table: auth_user (All columns set to Nullable, write_disposition=replace)
2025-12-10 12:50:23,224 - __main__ - INFO - Updated schema for table: auth_user_groups (All columns set to Nullable, write_disposition=replace)
2025-12-10 12:50:23,224 - __main__ - INFO - Updated schema for table: auth_user_user_permissions (All columns set to Nullable, write_disposition=replace)
2025-12-10 12:50:23,225 - __main__ - INFO - Updated schema for table: p42_applicationauditlog (All columns set to Nullable, write_disposition=replace)
2025-12-10 12:50:23,226 - __main__ - INFO - Updated schema for table: p42_vehicleauditlog (All columns set to Nullable, write_disposition=replace)
2025-12-10 12:50:23,226 - __main__ - INFO - Updated schema for table: auditlog_logentry (All columns set to Nullable, write_disposition=replace)
2025-12-10 12:50:23,227 - __main__ - INFO - Updated schema for table: p42_vehicle (All columns set to Nullable, write_disposition=replace)
2025-12-10 12:50:23,228 - __main__ - INFO - Updated schema for table: p42_vehicledata (All columns set to Nullable, write_disposition=replace)
2025-12-10 12:50:23,228 - __main__ - INFO - Updated schema for table: p42_incomingmessage (All columns set to Nullable, write_disposition=replace)
2025-12-10 12:50:23,229 - __main__ - INFO - Updated schema for table: p42_outgoingmessage (All columns set to Nullable, write_disposition=replace)
2025-12-10 12:50:23,230 - __main__ - INFO - Updated schema for table: django_admin_log (All columns set to Nullable, write_disposition=replace)
2025-12-10 12:50:23,230 - __main__ - INFO - Updated schema for table: p42_prompt (All columns set to Nullable, write_disposition=replace)
2025-12-10 12:50:23,233 - __main__ - INFO - Updated schema for table: p42_template (All columns set to Nullable, write_disposition=replace)
2025-12-10 12:50:23,234 - __main__ - INFO - Updated schema for table: p42_claim (All columns set to Nullable, write_disposition=replace)
2025-12-10 12:50:23,235 - __main__ - INFO - Updated schema for table: p42_inspection (All columns set to Nullable, write_disposition=replace)
2025-12-10 12:50:23,237 - __main__ - INFO - Updated schema for table: p42_task (All columns set to Nullable, write_disposition=replace)
2025-12-10 12:50:23,238 - __main__ - INFO - Updated schema for table: p42_taskattachment (All columns set to Nullable, write_disposition=replace)
2025-12-10 12:50:23,239 - __main__ - INFO - Updated schema for table: p42_taskcomment (All columns set to Nullable, write_disposition=replace)
2025-12-10 12:50:23,242 - __main__ - INFO - Updated schema for table: p42_systemmessage (All columns set to Nullable, write_disposition=replace)
2025-12-10 12:50:23,243 - __main__ - INFO - Updated schema for table: p42_warranty (All columns set to Nullable, write_disposition=replace)
2025-12-10 12:50:23,245 - __main__ - INFO - Updated schema for table: p42_trip (All columns set to Nullable, write_disposition=replace)
2025-12-10 12:50:23,247 - __main__ - INFO - Updated schema for table: p42_service (All columns set to Nullable, write_disposition=replace)
2025-12-10 12:50:23,248 - __main__ - INFO - Updated schema for table: p42_chatconfig (All columns set to Nullable, write_disposition=replace)
2025-12-10 12:50:23,249 - __main__ - INFO - Updated schema for table: p42_kyccheck (All columns set to Nullable, write_disposition=replace)
2025-12-10 12:50:23,250 - __main__ - INFO - Updated schema for table: p42_customer (All columns set to Nullable, write_disposition=replace)
2025-12-10 12:50:23,251 - __main__ - INFO - Updated schema for table: p42_userapplicationlead (All columns set to Nullable, write_disposition=replace)
2025-12-10 12:50:23,253 - __main__ - INFO - Updated schema for table: p42_document (All columns set to Nullable, write_disposition=replace)
2025-12-10 12:50:23,254 - __main__ - INFO - Updated schema for table: p42_creditcheck (All columns set to Nullable, write_disposition=replace)
2025-12-10 12:50:23,256 - __main__ - INFO - Updated schema for table: django_session (All columns set to Nullable, write_disposition=replace)
2025-12-10 12:50:23,257 - __main__ - INFO - Updated schema for table: p42_signing (All columns set to Nullable, write_disposition=replace)
2025-12-10 12:50:23,257 - __main__ - INFO - Updated schema for table: p42_vehiclemake (All columns set to Nullable, write_disposition=replace)
2025-12-10 12:50:23,258 - __main__ - INFO - Updated schema for table: p42_scoringmaxrentconfig (All columns set to Nullable, write_disposition=replace)
2025-12-10 12:50:23,260 - __main__ - INFO - Updated schema for table: p42_contractsequence (All columns set to Nullable, write_disposition=replace)
2025-12-10 12:50:23,261 - __main__ - INFO - Updated schema for table: p42_businessentity (All columns set to Nullable, write_disposition=replace)
2025-12-10 12:50:23,262 - __main__ - INFO - Updated schema for table: p42_dealer (All columns set to Nullable, write_disposition=replace)
2025-12-10 12:50:23,263 - __main__ - INFO - Updated schema for table: p42_scoringresult (All columns set to Nullable, write_disposition=replace)
2025-12-10 12:50:23,264 - __main__ - INFO - Updated schema for table: p42_sagerequestlog (All columns set to Nullable, write_disposition=replace)
2025-12-10 12:50:23,266 - __main__ - INFO - Updated schema for table: p42_salarydata (All columns set to Nullable, write_disposition=replace)
2025-12-10 12:50:23,267 - __main__ - INFO - Updated schema for table: p42_scoringofferdecision (All columns set to Nullable, write_disposition=replace)
2025-12-10 12:50:23,268 - __main__ - INFO - Updated schema for table: p42_dealervehicles (All columns set to Nullable, write_disposition=replace)
2025-12-10 12:50:23,269 - __main__ - INFO - Updated schema for table: p42_applications (All columns set to Nullable, write_disposition=replace)
2025-12-10 12:50:23,270 - __main__ - INFO - Updated schema for table: payments_customerinvoice (All columns set to Nullable, write_disposition=replace)
2025-12-10 12:50:23,272 - __main__ - INFO - Updated schema for table: payments_customerrecurringinvoice (All columns set to Nullable, write_disposition=replace)
2025-12-10 12:50:23,273 - __main__ - INFO - Updated schema for table: p42_applicationlead (All columns set to Nullable, write_disposition=replace)
2025-12-10 12:50:23,274 - __main__ - INFO - Updated schema for table: p42_dealersalesperson (All columns set to Nullable, write_disposition=replace)
2025-12-10 12:50:23,275 - __main__ - INFO - Updated schema for table: p42_validation (All columns set to Nullable, write_disposition=replace)
2025-12-10 12:50:23,275 - __main__ - INFO - Updated schema for table: p42_applicationnotes (All columns set to Nullable, write_disposition=replace)
2025-12-10 12:50:23,276 - __main__ - INFO - Updated schema for table: p42_contract (All columns set to Nullable, write_disposition=replace)
2025-12-10 12:50:23,277 - __main__ - INFO - Updated schema for table: p42_scoringversions (All columns set to Nullable, write_disposition=replace)
2025-12-10 12:50:23,279 - __main__ - INFO - Updated schema for table: dealer_id (All columns set to Nullable, write_disposition=replace)
2025-12-10 12:50:23,279 - __main__ - INFO - Updated schema for table: dealer_id2 (All columns set to Nullable, write_disposition=replace)
2025-12-10 12:50:23,280 - __main__ - INFO - Updated schema for table: payments_customerinvoiceline (All columns set to Nullable, write_disposition=replace)
2025-12-10 12:50:23,281 - __main__ - INFO - Updated schema for table: public_holidays (All columns set to Nullable, write_disposition=replace)
2025-12-10 12:50:23,282 - __main__ - INFO - Updated schema for table: p42_emailscraperlog (All columns set to Nullable, write_disposition=replace)
2025-12-10 12:50:23,283 - __main__ - INFO - Updated schema for table: p42_gmailcredential (All columns set to Nullable, write_disposition=replace)
2025-12-10 12:50:23,283 - __main__ - INFO - Updated schema for table: p42_attachmentscraperlog (All columns set to Nullable, write_disposition=replace)
2025-12-10 12:50:23,284 - __main__ - INFO - Updated schema for table: p42_entrancescoring (All columns set to Nullable, write_disposition=replace)
2025-12-10 12:50:23,287 - __main__ - INFO - Updated schema for table: payments_payment_methods (All columns set to Nullable, write_disposition=replace)
2025-12-10 12:50:23,288 - __main__ - INFO - Updated schema for table: payments_debicheck_mandates (All columns set to Nullable, write_disposition=replace)
2025-12-10 12:50:23,289 - __main__ - INFO - Updated schema for table: payments_collections (All columns set to Nullable, write_disposition=replace)
2025-12-10 12:50:23,290 - __main__ - INFO - --- Starting Extract & Load ---
2025-12-10 13:01:15,081 - __main__ - INFO - --- PIPELINE COMPLETED ---
2025-12-10 13:01:15,081 - __main__ - INFO - Pipeline solara_postgres_to_snowflake load step completed in 1 minute and 20.37 seconds
1 load package(s) were loaded to destination snowflake and into dataset ODS_SOLARA
The snowflake destination used snowflake://PLANET42_SYSTEM_READ_WRITE_USER@qg21124.eu-west-1/PLANET42_LIVE_DB location to store data
Load package 1765363826.972626 is LOADED and contains no failed jobs
